<?xml version="1.0" encoding="UTF-8"?>
<testng-results ignored="0" total="1" passed="1" failed="0" skipped="0">
  <reporter-output>
  </reporter-output>
  <suite started-at="2022-01-26T07:15:11 IST" name="Default suite" finished-at="2022-01-26T07:15:11 IST" duration-ms="67">
    <groups>
    </groups>
    <test started-at="2022-01-26T07:15:11 IST" name="Default test" finished-at="2022-01-26T07:15:11 IST" duration-ms="67">
      <class name="javaStreams.Count_Names">
        <test-method signature="UniqueNum()[pri:0, instance:javaStreams.Count_Names@5939a379]" started-at="2022-01-26T07:15:11 IST" name="UniqueNum" finished-at="2022-01-26T07:15:11 IST" duration-ms="17" status="PASS">
          <reporter-output>
          </reporter-output>
        </test-method> <!-- UniqueNum -->
      </class> <!-- javaStreams.Count_Names -->
    </test> <!-- Default test -->
  </suite> <!-- Default suite -->
</testng-results>
